
> mishrashardendu22@4.0.0 build /home/mishrashardendu22/Coding_Stuff_Fedora/Dev/Portfolio/MS22
> next build

   ▲ Next.js 16.0.10 (Turbopack)
   - Environments: .env.local
   - Experiments (use with caution):
     · optimizePackageImports

   Creating an optimized production build ...
 ✓ Compiled successfully in 8.4s
   Running TypeScript ...
Failed to compile.

./src/app/certificates/page.tsx:11:7
Type error: Variable 'certificates' implicitly has type 'any[]' in some locations where its type cannot be determined.

[0m [90m  9 |[39m [36mexport[39m [36mdefault[39m [36masync[39m [36mfunction[39m [33mCertificatesPage[39m() {
 [90m 10 |[39m   [90m// Fetch all certificates with error handling[39m
[31m[1m>[22m[39m[90m 11 |[39m   [36mlet[39m certificates [33m=[39m [][33m;[39m
 [90m    |[39m       [31m[1m^[22m[39m
 [90m 12 |[39m   [36mtry[39m {
 [90m 13 |[39m     [36mconst[39m response [33m=[39m [36mawait[39m certificatesAPI[33m.[39mgetAllCertificates([35m1[39m[33m,[39m [35m500[39m)[33m;[39m
 [90m 14 |[39m     certificates [33m=[39m response[33m.[39mstatus [33m===[39m [35m200[39m [33m&&[39m response[33m.[39mdata [33m?[39m response[33m.[39mdata[33m.[39mcertifications [33m||[39m [] [33m:[39m [][33m;[39m[0m
Next.js build worker exited with code: 1 and signal: null
 ELIFECYCLE  Command failed with exit code 1.
